<?xml version="1.0" encoding="utf-8"?><testsuites name="pytest tests"><testsuite name="pytest" errors="0" failures="0" skipped="0" tests="25" time="4.865" timestamp="2026-08-15T03:37:00.112230+05:30" hostname="Paras"><testcase classname="tests.test_api.TestHealthEndpoint" name="test_health_ok_after_startup" time="3.849" /><testcase classname="tests.test_api.TestQueryEndpoint" name="test_returns_answer_for_valid_question" time="0.013" /><testcase classname="tests.test_api.TestQueryEndpoint" name="test_missing_question_returns_422" time="0.012" /><testcase classname="tests.test_api.TestQueryEndpoint" name="test_save_to_file_flag_returns_saved_path" time="0.015" /><testcase classname="tests.test_calculator.TestMultiply" name="test_multiply_positive_numbers" time="0.001" /><testcase classname="tests.test_calculator.TestMultiply" name="test_multiply_by_zero" time="0.001" /><testcase classname="tests.test_calculator.TestMultiply" name="test_multiply_floats" time="0.002" /><testcase classname="tests.test_calculator.TestMultiply" name="test_multiply_numeric_strings" time="0.001" /><testcase classname="tests.test_calculator.TestMultiply" name="test_multiply_non_numeric_string_raises_clear_error" time="0.003" /><testcase classname="tests.test_calculator.TestCalculateTotal" name="test_sums_multiple_costs" time="0.001" /><testcase classname="tests.test_calculator.TestCalculateTotal" name="test_single_cost" time="0.001" /><testcase classname="tests.test_calculator.TestCalculateTotal" name="test_no_costs_returns_zero" time="0.001" /><testcase classname="tests.test_calculator.TestCalculateTotal" name="test_handles_floats" time="0.001" /><testcase classname="tests.test_calculator.TestCalculateDailyBudget" name="test_normal_division" time="0.001" /><testcase classname="tests.test_calculator.TestCalculateDailyBudget" name="test_zero_days_does_not_raise" time="0.001" /><testcase classname="tests.test_calculator.TestCalculateDailyBudget" name="test_negative_days_does_not_raise" time="0.001" /><testcase classname="tests.test_currency_converter.TestConvert" name="test_successful_conversion" time="0.003" /><testcase classname="tests.test_currency_converter.TestConvert" name="test_string_amount_is_coerced_to_float" time="0.003" /><testcase classname="tests.test_currency_converter.TestConvert" name="test_non_numeric_amount_raises_value_error" time="0.002" /><testcase classname="tests.test_currency_converter.TestConvert" name="test_unknown_target_currency_raises" time="0.004" /><testcase classname="tests.test_currency_converter.TestConvert" name="test_api_error_status_raises" time="0.004" /><testcase classname="tests.test_weather_info.TestGetCurrentWeather" name="test_requests_metric_units" time="0.003" /><testcase classname="tests.test_weather_info.TestGetCurrentWeather" name="test_returns_parsed_json_on_success" time="0.002" /><testcase classname="tests.test_weather_info.TestGetCurrentWeather" name="test_returns_empty_dict_on_non_200" time="0.003" /><testcase classname="tests.test_weather_info.TestGetForecastWeather" name="test_requests_metric_units" time="0.003" /></testsuite></testsuites>